Arguments: 
  C:\Program Files\nodejs\node.exe C:\Users\marius.starke\AppData\Roaming\npm\node_modules\yarn\bin\yarn.js install

PATH: 
  C:\Windows\system32;C:\Windows;C:\Windows\System32\Wbem;C:\Windows\System32\WindowsPowerShell\v1.0\;C:\Windows\System32\OpenSSH\;C:\Windows\CCM;C:\Program Files\dotnet\;C:\Program Files\Microsoft SQL Server\130\Tools\Binn\;C:\Program Files\Microsoft SQL Server\Client SDK\ODBC\170\Tools\Binn\;C:\Program Files (x86)\Microsoft SQL Server\150\Tools\Binn\;C:\Program Files\Microsoft SQL Server\150\Tools\Binn\;C:\Program Files\Microsoft SQL Server\150\DTS\Binn\;C:\Program Files (x86)\Microsoft SQL Server\150\DTS\Binn\;C:\Program Files\Azure Data Studio\bin;C:\Program Files\Docker\Docker\resources\bin;C:\ProgramData\DockerDesktop\version-bin;C:\Program Files\Git\cmd;C:\Program Files\nodejs\;C:\Users\marius.starke\AppData\Local\Microsoft\WindowsApps;C:\Users\marius.starke\AppData\Local\Programs\Microsoft VS Code\bin;C:\Users\marius.starke\.dotnet\tools;C:\Users\marius.starke\AppData\Roaming\npm;C:\Program Files\heroku\bin

Yarn version: 
  1.22.15

Node version: 
  16.13.0

Platform: 
  win32 x64

Trace: 
  Error: EPERM: operation not permitted, unlink 'C:\Users\marius.starke\source\react-course-projects\expensify-app\node_modules\node-sass\vendor\win32-x64-93\binding.node'

npm manifest: 
  {
    "name": "expensify",
    "version": "1.0.0",
    "main": "index.js",
    "author": "Marius Starke",
    "license": "MIT",
    "scripts": {
      "build:dev": "webpack",
      "build:prod": "webpack -p --env production",
      "dev-server": "webpack-dev-server",
      "test": "cross-env NODE_ENV=test jest --config=jest.config.json",
      "start": "node server/server.js",
      "heroku-postbuild": "yarn run build:prod"
    },
    "engines": {
      "node": "^16.13.0",
      "npm": "^8.0.0"
    },
    "dependencies": {
      "babel-cli": "6.24.1",
      "babel-core": "6.25.0",
      "babel-loader": "7.1.1",
      "babel-plugin-transform-class-properties": "6.24.1",
      "babel-plugin-transform-object-rest-spread": "6.23.0",
      "babel-preset-env": "1.5.2",
      "babel-preset-react": "6.24.1",
      "css-loader": "0.28.4",
      "express": "4.15.4",
      "extract-text-webpack-plugin": "3.0.0",
      "firebase": "^4.2.0",
      "moment": "2.18.1",
      "node-sass": "^6.0.1",
      "normalize.css": "7.0.0",
      "numeral": "2.0.6",
      "raf": "3.3.2",
      "react": "16.0.0",
      "react-addons-shallow-compare": "15.6.0",
      "react-dates": "12.7.0",
      "react-dom": "16.0.0",
      "react-modal": "2.2.2",
      "react-redux": "5.0.5",
      "react-router-dom": "^5.3.0",
      "redux": "3.7.2",
      "redux-mock-store": "1.2.3",
      "redux-thunk": "2.2.0",
      "sass-loader": "6.0.6",
      "style-loader": "0.18.2",
      "theme-ui": "^0.12.0",
      "uuid": "3.1.0",
      "validator": "8.0.0",
      "webpack": "3.1.0"
    },
    "devDependencies": {
      "cross-env": "5.0.5",
      "dotenv": "4.0.0",
      "enzyme": "3.0.0",
      "enzyme-adapter-react-16": "1.0.0",
      "enzyme-to-json": "3.0.1",
      "jest": "20.0.4",
      "react-test-renderer": "16.0.0",
      "webpack-dev-server": "2.5.1"
    }
  }

yarn manifest: 
  No manifest

Lockfile: 
  No lockfile
